Arguments: 
  C:\Program Files\nodejs\node.exe C:\Users\shush\AppData\Roaming\npm\node_modules\yarn\bin\yarn.js install

PATH: 
  C:\ProgramData\Oracle\Java\javapath;C:\WINDOWS\system32;C:\WINDOWS;C:\WINDOWS\System32\Wbem;C:\WINDOWS\System32\WindowsPowerShell\v1.0\;C:\WINDOWS\System32\OpenSSH\;C:\Program Files\nodejs\;C:\Program Files\Git\cmd;C:\Users\shush\AppData\Local\Microsoft\WindowsApps;C:\Users\shush\AppData\Local\Programs\Microsoft VS Code\bin;C:\Users\shush\AppData\Roaming\npm;D:\heroku\bin

Yarn version: 
  1.22.19

Node version: 
  16.15.1

Platform: 
  win32 x64

Trace: 
  Error: connect ECONNABORTED 104.16.18.35:443
      at TCPConnectWrap.afterConnect [as oncomplete] (node:net:1187:16)

npm manifest: 
  {
  	"name": "next-chat-app",
  	"packageManager": "npm@8.11.0",
  	"scripts": {
  		"dev": "next",
  		"build": "next build",
  		"start": "next start",
  		"heroku-postbuild": "npm run dev"
  	},
  	"dependencies": {
  		"@onehop/client": "^1.3.7",
  		"@onehop/js": "^1.2.9",
  		"@onehop/react": "^1.3.7",
  		"nanoid": "^4.0.0",
  		"next": "^12.2.5",
  		"react": "^18.2.0",
  		"react-dom": "^18.2.0"
  	},
  	"devDependencies": {
  		"@preconstruct/next": "^4.0.0",
  		"@types/node": "^18.7.9",
  		"@types/react": "^18.0.17",
  		"@types/react-dom": "^18.0.6",
  		"typescript": "^4.7.4"
  	}
  }

yarn manifest: 
  No manifest

Lockfile: 
  No lockfile
